<?xml version="1.0" encoding="UTF-8"?>
<!-- Generated by org.testng.reporters.JUnitReportReporter -->
<testsuite hostname="DESKTOP-P86CKT6" failures="0" tests="2" name="com.actitime.testscript.Demo" time="0.006" errors="0" timestamp="2022-01-15T19:13:25 IST" skipped="0">
  <testcase classname="com.actitime.testscript.Demo" name="testLogin" time="0.006"/>
  <system-out/>
  <testcase classname="com.actitime.testscript.Demo" name="testLogin" time="0.000"/>
  <system-out/>
</testsuite> <!-- com.actitime.testscript.Demo -->
